Cannot locate a Project File in c:\Projects\MarsAir\MarsAir
Cannot locate a Project File in c:\Projects\MarsAir\MarsAir
Cannot locate a Project File in c:\Projects\MarsAir\MarsAir
Cannot locate a Project File in c:\Projects\MarsAir\MarsAir
14:05:55.294 Runner connection error: Timed out connecting to [::]:1791
14:05:55.295 Error while killing runner: invalid argument
14:05:55.298 Failed to start gauge API: Timed out connecting to [::]:1791
14:06:19.623  create  manifest.json
14:06:19.624  skip  manifest.json
14:06:19.627  create  specs
14:06:19.628  skip  specs
14:06:19.629  create  specs/example.spec
14:06:19.631  skip  specs/example.spec
14:06:19.633  create  env
14:06:19.633  create  env/default
14:06:19.635  create  env/default/default.properties
14:06:27.682 
Successfully initialized the project. Run specifications with "gauge specs/"
Building Project: c:\Projects\MarsAir\MarsAir\MarsAir.sln
Success
Error executing MarsAir.StepImplementation.Initialize
14:06:37.386 Error Message: Cannot find Firefox binary in PATH or default install locations. Make sure Firefox is installed. OS appears to be: Vista
14:06:37.388 Stacktrace: 
   at OpenQA.Selenium.Firefox.Internal.Executable..ctor(String userSpecifiedBinaryPath)
   at OpenQA.Selenium.Firefox.FirefoxBinary..ctor(String pathToFirefoxBinary)
   at MarsAir.DriverFactory.GetDriver() in c:\Projects\MarsAir\MarsAir\DriverFactory.cs:line 21
   at MarsAir.StepImplementation.Initialize() in c:\Projects\MarsAir\MarsAir\StepImplementation.cs:line 15
14:06:37.793 Error Message: Object reference not set to an instance of an object.
14:06:37.794 Stacktrace: 
   at MarsAir.StepImplementation.Cleanup() in c:\Projects\MarsAir\MarsAir\StepImplementation.cs:line 21
14:06:38.504 Plugin [Html Report] with pid [6860] has exited
14:06:38.604 Specifications:	0 executed	0 passed	0 failed	0 skipped
14:06:38.607 Scenarios:	0 executed	0 passed	0 failed	0 skipped
14:06:38.609 
Total time taken: 565ms
Building Project: c:\Projects\MarsAir\MarsAir\MarsAir.sln
Success
Error executing MarsAir.StepImplementation.Initialize
14:11:38.212 Error Message: Cannot find Firefox binary in PATH or default install locations. Make sure Firefox is installed. OS appears to be: Vista
14:11:38.215 Stacktrace: 
   at OpenQA.Selenium.Firefox.Internal.Executable..ctor(String userSpecifiedBinaryPath)
   at OpenQA.Selenium.Firefox.FirefoxBinary..ctor(String pathToFirefoxBinary)
   at MarsAir.DriverFactory.GetDriver() in c:\Projects\MarsAir\MarsAir\DriverFactory.cs:line 21
   at MarsAir.StepImplementation.Initialize() in c:\Projects\MarsAir\MarsAir\StepImplementation.cs:line 15
14:11:38.482 Error Message: Object reference not set to an instance of an object.
14:11:38.484 Stacktrace: 
   at MarsAir.StepImplementation.Cleanup() in c:\Projects\MarsAir\MarsAir\StepImplementation.cs:line 21
14:11:38.590 Plugin [Html Report] with pid [8188] has exited
14:11:38.691 Specifications:	0 executed	0 passed	0 failed	0 skipped
14:11:38.693 Scenarios:	0 executed	0 passed	0 failed	0 skipped
14:11:38.695 
Total time taken: 420ms
Building Project: c:\Projects\MarsAir\MarsAir\MarsAir.sln
Success
Error executing MarsAir.StepImplementation.Initialize
14:20:57.292 Error Message: Cannot find Firefox binary in PATH or default install locations. Make sure Firefox is installed. OS appears to be: Vista
14:20:57.294 Stacktrace: 
   at OpenQA.Selenium.Firefox.Internal.Executable..ctor(String userSpecifiedBinaryPath)
   at OpenQA.Selenium.Firefox.FirefoxBinary..ctor(String pathToFirefoxBinary)
   at MarsAir.DriverFactory.GetDriver() in c:\Projects\MarsAir\MarsAir\DriverFactory.cs:line 21
   at MarsAir.StepImplementation.Initialize() in c:\Projects\MarsAir\MarsAir\StepImplementation.cs:line 17
14:20:57.466 Error Message: Object reference not set to an instance of an object.
14:20:57.468 Stacktrace: 
   at MarsAir.StepImplementation.Cleanup() in c:\Projects\MarsAir\MarsAir\StepImplementation.cs:line 23
14:20:57.576 Plugin [Html Report] with pid [8308] has exited
14:20:57.677 Specifications:	0 executed	0 passed	0 failed	0 skipped
14:20:57.679 Scenarios:	0 executed	0 passed	0 failed	0 skipped
14:20:57.682 
Total time taken: 317ms
Building Project: c:\Projects\MarsAir\MarsAir\MarsAir.sln
Success
Error executing MarsAir.StepImplementation.Initialize
14:26:09.927 Error Message: Cannot find Firefox binary in PATH or default install locations. Make sure Firefox is installed. OS appears to be: Vista
14:26:09.930 Stacktrace: 
   at OpenQA.Selenium.Firefox.Internal.Executable..ctor(String userSpecifiedBinaryPath)
   at OpenQA.Selenium.Firefox.FirefoxBinary..ctor(String pathToFirefoxBinary)
   at MarsAir.DriverFactory.GetDriver() in c:\Projects\MarsAir\MarsAir\DriverFactory.cs:line 21
   at MarsAir.StepImplementation.Initialize() in c:\Projects\MarsAir\MarsAir\StepImplementation.cs:line 17
14:26:10.235 Error Message: Object reference not set to an instance of an object.
14:26:10.237 Stacktrace: 
   at MarsAir.StepImplementation.Cleanup() in c:\Projects\MarsAir\MarsAir\StepImplementation.cs:line 23
14:26:10.348 Plugin [Html Report] with pid [4512] has exited
14:26:10.448 Specifications:	0 executed	0 passed	0 failed	0 skipped
14:26:10.450 Scenarios:	0 executed	0 passed	0 failed	0 skipped
14:26:10.453 
Total time taken: 560ms
Building Project: c:\Projects\MarsAir\MarsAir\MarsAir.sln
Success
Error executing MarsAir.StepImplementation.Initialize
14:34:15.375 Error Message: Cannot find Firefox binary in PATH or default install locations. Make sure Firefox is installed. OS appears to be: Vista
14:34:15.377 Stacktrace: 
   at OpenQA.Selenium.Firefox.Internal.Executable..ctor(String userSpecifiedBinaryPath)
   at OpenQA.Selenium.Firefox.FirefoxBinary..ctor(String pathToFirefoxBinary)
   at MarsAir.DriverFactory.GetDriver() in c:\Projects\MarsAir\MarsAir\DriverFactory.cs:line 21
   at MarsAir.StepImplementation.Initialize() in c:\Projects\MarsAir\MarsAir\StepImplementation.cs:line 17
14:34:15.662 Error Message: Object reference not set to an instance of an object.
14:34:15.664 Stacktrace: 
   at MarsAir.StepImplementation.Cleanup() in c:\Projects\MarsAir\MarsAir\StepImplementation.cs:line 23
14:34:15.769 Plugin [Html Report] with pid [6212] has exited
14:34:15.869 Specifications:	0 executed	0 passed	0 failed	0 skipped
14:34:15.872 Scenarios:	0 executed	0 passed	0 failed	0 skipped
14:34:15.875 
Total time taken: 424ms
Building Project: c:\Projects\MarsAir\MarsAir\MarsAir.sln
Success
14:41:26.895 # ﻿Getting Started with Gauge
14:41:26.905 ## Get Started
14:41:26.912 * Navigate to Gauge homepage "http://getgauge.io"
14:41:28.647 * Go to Gauge Get Started Page
14:41:30.581 Plugin [Html Report] with pid [5316] has exited
14:41:30.682 Specifications:	1 executed	1 passed	0 failed	0 skipped
14:41:30.684 Scenarios:	1 executed	1 passed	0 failed	0 skipped
14:41:30.687 
Total time taken: 9.31s
Building Project: c:\Projects\MarsAir\MarsAir\MarsAir.sln
Success
14:42:45.120 # ﻿Getting Started with Gauge
14:42:45.129 ## Get Started
14:42:45.136 * Navigate to Gauge homepage "http://getgauge.io"
14:42:46.680 * Go to Gauge Get Started Page
14:42:48.576 Plugin [Html Report] with pid [1856] has exited
14:42:48.678 Specifications:	1 executed	1 passed	0 failed	0 skipped
14:42:48.681 Scenarios:	1 executed	1 passed	0 failed	0 skipped
14:42:48.684 
Total time taken: 8.424s
Building Project: c:\Projects\MarsAir\MarsAir\MarsAir.sln
Success
Error executing MarsAir.StepImplementation.GoToGaugeGetStartedPage
Building Project: c:\Projects\MarsAir\MarsAir\MarsAir.sln
Success
Error executing MarsAir.Search.Search.NavigateTo
Building Project: c:\Projects\MarsAir\MarsAir\MarsAir.sln
Success
Error executing MarsAir.Search.Search.GoToGaugeGetStartedPage
Building Project: c:\Projects\MarsAir\MarsAir\MarsAir.sln
Success
Building Project: c:\Projects\MarsAir\MarsAir\MarsAir.sln
Success
Error executing MarsAir.Search.Search.NavigateTo
Building Project: c:\Projects\MarsAir\MarsAir\MarsAir.sln
Success
Building Project: c:\Projects\MarsAir\MarsAir\MarsAir.sln
Success
Building Project: c:\Projects\MarsAir\MarsAir\MarsAir.sln
Success
Building Project: c:\Projects\MarsAir\MarsAir\MarsAir.sln
Success
Error executing MarsAir.Search.Search.PressValue
Building Project: c:\Projects\MarsAir\MarsAir\MarsAir.sln
Success
Error executing MarsAir.Search.Search.PressValue
Building Project: c:\Projects\MarsAir\MarsAir\MarsAir.sln
Success
Error executing MarsAir.Search.Search.PressValue
Building Project: c:\Projects\MarsAir\MarsAir\MarsAir.sln
Success
Building Project: c:\Projects\MarsAir\MarsAir\MarsAir.sln
Success
Building Project: c:\Projects\MarsAir\MarsAir\MarsAir.sln
Success
Building Project: c:\Projects\MarsAir\MarsAir\MarsAir.sln
Success
Building Project: c:\Projects\MarsAir\MarsAir\MarsAir.sln
Success
Building Project: c:\Projects\MarsAir\MarsAir\MarsAir.sln
Success
Building Project: c:\Projects\MarsAir\MarsAir\MarsAir.sln
Success
Building Project: c:\Projects\MarsAir\MarsAir\MarsAir.sln
Success
Error executing MarsAir.Discounts.Discounts.DiscountAmount
Building Project: c:\Projects\MarsAir\MarsAir\MarsAir.sln
Success
Error executing MarsAir.Discounts.Discounts.DiscountAmount
Building Project: c:\Projects\MarsAir\MarsAir\MarsAir.sln
Success
Building Project: c:\Projects\MarsAir\MarsAir\MarsAir.sln
Success
Error executing MarsAir.Search.Search.NavigateTo
Error executing MarsAir.Search.Search.NavigateTo
Error executing MarsAir.Search.Search.NavigateTo
Building Project: c:\Projects\MarsAir\MarsAir\MarsAir.sln
Success
Building Project: c:\Projects\MarsAir\MarsAir\MarsAir.sln
Success
Error executing MarsAir.Discounts.Discounts.DiscountAmount
Building Project: c:\Projects\MarsAir\MarsAir\MarsAir.sln
Success
Error executing MarsAir.Discounts.Discounts.DiscountAmount
Building Project: c:\Projects\MarsAir\MarsAir\MarsAir.sln
Success
Error executing MarsAir.Discounts.Discounts.DiscountAmount
Building Project: c:\Projects\MarsAir\MarsAir\MarsAir.sln
Success
Building Project: c:\Projects\MarsAir\MarsAir\MarsAir.sln
Success
Error executing MarsAir.Discounts.Discounts.DiscountAmount
Building Project: c:\Projects\MarsAir\MarsAir\MarsAir.sln
Success
Error executing MarsAir.Discounts.Discounts.DiscountAmount
Building Project: c:\Projects\MarsAir\MarsAir\MarsAir.sln
Success
Error executing MarsAir.Discounts.Discounts.DiscountAmount
Building Project: c:\Projects\MarsAir\MarsAir\MarsAir.sln
Success
Error executing MarsAir.Discounts.Discounts.DiscountAmount
Building Project: c:\Projects\MarsAir\MarsAir\MarsAir.sln
Success
Building Project: c:\Projects\MarsAir\MarsAir\MarsAir.sln
Success
Building Project: c:\Projects\MarsAir\MarsAir\MarsAir.sln
Success
Building Project: c:\Projects\MarsAir\MarsAir\MarsAir.sln
Success
Building Project: c:\Projects\MarsAir\MarsAir\MarsAir.sln
Success
Error executing MarsAir.Search.Search.DiscountAmount
Building Project: c:\Projects\MarsAir\MarsAir\MarsAir.sln
Success
Error executing MarsAir.Search.Search.DiscountAmount
Building Project: c:\Projects\MarsAir\MarsAir\MarsAir.sln
Success
Error executing MarsAir.Search.Search.DiscountAmount
Building Project: c:\Projects\MarsAir\MarsAir\MarsAir.sln
Success
Error executing MarsAir.Search.Search.DiscountAmount
Building Project: c:\Projects\MarsAir\MarsAir\MarsAir.sln
Success
Error executing MarsAir.Search.Search.DiscountAmount
Building Project: c:\Projects\MarsAir\MarsAir\MarsAir.sln
Success
Building Project: c:\Projects\MarsAir\MarsAir\MarsAir.sln
Success
10:40:09.189 # ﻿Discounts
10:40:09.196 ## Apply valid discount
10:40:09.202 * A user searches for an available flight
10:40:09.202 * Navigate to MarsAir homepage "http://gdiagram.marsair.tw/"
10:40:12.914 * Select "July" from the "departing" field
10:40:13.202 * Select "December (two years from now)" from the "returning" field
10:40:13.414 * The user enters a discount for a promotional code 
     |discountnumber|discountpercent|
     |--------------|---------------|
     |1             |10             |
     |2             |20             |
     |3             |30             |
     |4             |40             |
     |5             |50             |
     |6             |60             |
     |7             |70             |
     |8             |80             |
     |9             |90             |
10:40:24.030 * Press "submit"
10:40:24.628 * Assert user is informed, "Call now on 0800 MARSAIR to book!"
10:40:24.794 # ﻿Flight Search
10:40:24.794 ## Find available flight
10:40:24.796 * Navigate to MarsAir homepage "http://gdiagram.marsair.tw/"
10:40:25.313 * Select "July" from the "departing" field
10:40:25.493 * Select "December (two years from now)" from the "returning" field
10:40:25.678 * Press "submit"
10:40:26.071 * Assert user is informed, "Call now on 0800 MARSAIR to book!"
10:40:26.235 ## Find unavailable flight
10:40:26.236 * Navigate to MarsAir homepage "http://gdiagram.marsair.tw/"
10:40:26.744 * Select "December" from the "departing" field
10:40:26.964 * Select "December (next year)" from the "returning" field
10:40:27.179 * Press "submit"
10:40:27.549 * Assert user is informed, "Sorry, there are no more seats available."
10:40:27.707 ## Attempt to find flight where return is less than 1 year from departure
10:40:27.708 * Navigate to MarsAir homepage "http://gdiagram.marsair.tw/"
10:40:28.113 * Select "December" from the "departing" field
10:40:28.312 * Select "July (next year)" from the "returning" field
10:40:28.507 * Press "submit"
10:40:28.914 * Assert user is informed, "Unfortunately, this schedule is not possible. Please try again."
10:40:29.088 # ﻿Getting Started with Gauge
10:40:29.089 ## Get Started
10:40:29.089 * Navigate to Gauge homepage "http://getgauge.io"
10:40:29.509 Failed Step: Navigate to Gauge homepage "http://getgauge.io"
10:40:29.510 Error Message: Object reference not set to an instance of an object.
10:40:29.511 Stacktrace: 
   at MarsAir.StepImplementation.NavigateTo(String url) in c:\Projects\MarsAir\MarsAir\StepImplementation.cs:line 29
10:40:31.213 Plugin [Html Report] with pid [3568] has exited
10:40:31.314 Specifications:	3 executed	2 passed	1 failed	0 skipped
10:40:31.314 Scenarios:	5 executed	4 passed	1 failed	0 skipped
10:40:31.315 
Total time taken: 27.592s
Building Project: c:\Projects\MarsAir\MarsAir\MarsAir.sln
Success
10:46:30.267 # ﻿Discounts
10:46:30.275 ## Apply valid discount
10:46:30.279 * A user searches for an available flight
10:46:30.279 * Navigate to MarsAir homepage "http://gdiagram.marsair.tw/"
10:46:32.014 * Select "July" from the "departing" field
10:46:32.293 * Select "December (two years from now)" from the "returning" field
10:46:32.513 * The user enters a discount for a promotional code 
     |discountnumber|discountpercent|
     |--------------|---------------|
     |1             |10             |
     |2             |20             |
     |3             |30             |
     |4             |40             |
     |5             |50             |
     |6             |60             |
     |7             |70             |
     |8             |80             |
     |9             |90             |
10:46:42.948 * Press "submit"
10:46:43.667 * Assert user is informed, "Call now on 0800 MARSAIR to book!"
10:46:43.835 # ﻿Flight Search
10:46:43.836 ## Find available flight
10:46:43.836 * Navigate to MarsAir homepage "http://gdiagram.marsair.tw/"
10:46:44.254 * Select "July" from the "departing" field
10:46:44.441 * Select "December (two years from now)" from the "returning" field
10:46:44.628 * Press "submit"
10:46:44.992 * Assert user is informed, "Call now on 0800 MARSAIR to book!"
10:46:45.148 ## Find unavailable flight
10:46:45.149 * Navigate to MarsAir homepage "http://gdiagram.marsair.tw/"
10:46:45.556 * Select "December" from the "departing" field
10:46:45.751 * Select "December (next year)" from the "returning" field
10:46:45.945 * Press "submit"
10:46:46.306 * Assert user is informed, "Sorry, there are no more seats available."
10:46:46.463 ## Attempt to find flight where return is less than 1 year from departure
10:46:46.463 * Navigate to MarsAir homepage "http://gdiagram.marsair.tw/"
10:46:46.883 * Select "December" from the "departing" field
10:46:47.155 * Select "July (next year)" from the "returning" field
10:46:47.417 * Press "submit"
10:46:47.828 * Assert user is informed, "Unfortunately, this schedule is not possible. Please try again."
10:46:49.291 Plugin [Html Report] with pid [4024] has exited
10:46:49.392 Specifications:	2 executed	2 passed	0 failed	0 skipped
10:46:49.392 Scenarios:	4 executed	4 passed	0 failed	0 skipped
10:46:49.392 
Total time taken: 24.035s
Building Project: c:\Projects\MarsAir\MarsAir\MarsAir.sln
Success
10:58:38.045 # ﻿Discounts
10:58:38.052 ## Apply valid discount
10:58:38.056 * A user searches for an available flight
10:58:38.056 * Navigate to MarsAir homepage "http://gdiagram.marsair.tw/"
10:58:40.664 * Select "July" from the "departing" field
10:58:40.966 * Select "December (two years from now)" from the "returning" field
10:58:41.242 * The user enters a discount for a promotional code 
     |discountnumber|discountpercent|
     |--------------|---------------|
     |1             |10             |
     |2             |20             |
     |3             |30             |
     |4             |40             |
     |5             |50             |
     |6             |60             |
     |7             |70             |
     |8             |80             |
     |9             |90             |
10:58:41.650 Failed Step: The user enters a discount for a promotional code
10:58:41.650 Error Message: Object reference not set to an instance of an object.
10:58:41.651 Stacktrace: 
   at MarsAir.Search.Search.DiscountAmount(Table table) in c:\Projects\MarsAir\MarsAir\Tests\MarsAirTests.cs:line 77
10:58:41.661 # ﻿Flight Search
10:58:41.662 ## Find available flight
10:58:41.663 * Navigate to MarsAir homepage "http://gdiagram.marsair.tw/"
10:58:42.174 * Select "July" from the "departing" field
10:58:42.371 * Select "December (two years from now)" from the "returning" field
10:58:42.545 * Press "submit"
10:58:42.907 * Assert user is informed, "Call now on 0800 MARSAIR to book!"
10:58:43.173 ## Find unavailable flight
10:58:43.173 * Navigate to MarsAir homepage "http://gdiagram.marsair.tw/"
10:58:43.688 * Select "December" from the "departing" field
10:58:43.872 * Select "December (next year)" from the "returning" field
10:58:44.045 * Press "submit"
10:58:44.397 * Assert user is informed, "Sorry, there are no more seats available."
10:58:44.712 ## Attempt to find flight where return is less than 1 year from departure
10:58:44.713 * Navigate to MarsAir homepage "http://gdiagram.marsair.tw/"
10:58:45.134 * Select "December" from the "departing" field
10:58:45.350 * Select "July (next year)" from the "returning" field
10:58:45.553 * Press "submit"
10:58:45.995 * Assert user is informed, "Unfortunately, this schedule is not possible. Please try again."
10:58:47.343 Plugin [Html Report] with pid [6480] has exited
10:58:47.444 Specifications:	2 executed	1 passed	1 failed	0 skipped
10:58:47.444 Scenarios:	4 executed	3 passed	1 failed	0 skipped
10:58:47.446 
Total time taken: 13.88s
Building Project: c:\Projects\MarsAir\MarsAir\MarsAir.sln
Success
10:59:52.300 # ﻿Discounts
10:59:52.307 ## Apply valid discount
10:59:52.312 * A user searches for an available flight
10:59:52.312 * Navigate to MarsAir homepage "http://gdiagram.marsair.tw/"
10:59:54.750 * Select "July" from the "departing" field
10:59:55.030 * Select "December (two years from now)" from the "returning" field
10:59:55.234 * The user enters a discount for a promotional code 
     |discountnumber|discountpercent|
     |--------------|---------------|
     |1             |10             |
     |2             |20             |
     |3             |30             |
     |4             |40             |
     |5             |50             |
     |6             |60             |
     |7             |70             |
     |8             |80             |
     |9             |90             |
10:59:55.606 Failed Step: The user enters a discount for a promotional code
10:59:55.606 Error Message: Object reference not set to an instance of an object.
10:59:55.607 Stacktrace: 
   at MarsAir.Search.Search.DiscountAmount(Table table) in c:\Projects\MarsAir\MarsAir\Tests\MarsAirTests.cs:line 77
10:59:55.617 # ﻿Flight Search
10:59:55.618 ## Find available flight
10:59:55.619 * Navigate to MarsAir homepage "http://gdiagram.marsair.tw/"
10:59:56.136 * Select "July" from the "departing" field
10:59:56.316 * Select "December (two years from now)" from the "returning" field
10:59:56.499 * Press "submit"
10:59:56.853 * Assert user is informed, "Call now on 0800 MARSAIR to book!"
10:59:57.121 ## Find unavailable flight
10:59:57.122 * Navigate to MarsAir homepage "http://gdiagram.marsair.tw/"
10:59:57.631 * Select "December" from the "departing" field
10:59:57.810 * Select "December (next year)" from the "returning" field
10:59:57.989 * Press "submit"
10:59:58.335 * Assert user is informed, "Sorry, there are no more seats available."
10:59:58.622 ## Attempt to find flight where return is less than 1 year from departure
10:59:58.623 * Navigate to MarsAir homepage "http://gdiagram.marsair.tw/"
10:59:59.157 * Select "December" from the "departing" field
10:59:59.372 * Select "July (next year)" from the "returning" field
10:59:59.572 * Press "submit"
10:59:59.933 * Assert user is informed, "Unfortunately, this schedule is not possible. Please try again."
11:00:01.278 Plugin [Html Report] with pid [8000] has exited
11:00:01.378 Specifications:	2 executed	1 passed	1 failed	0 skipped
11:00:01.378 Scenarios:	4 executed	3 passed	1 failed	0 skipped
11:00:01.379 
Total time taken: 14.452s
Building Project: c:\Projects\MarsAir\MarsAir\MarsAir.sln
Success
11:01:17.830 # ﻿Discounts
11:01:17.838 ## Apply valid discount
11:01:17.843 * A user searches for an available flight
11:01:17.843 * Navigate to MarsAir homepage "http://gdiagram.marsair.tw/"
11:01:20.592 * Select "July" from the "departing" field
11:01:20.906 * Select "December (two years from now)" from the "returning" field
11:01:21.123 * The user enters a discount for a promotional code 
     |discountnumber|discountpercent|
     |--------------|---------------|
     |1             |10             |
     |2             |20             |
     |3             |30             |
     |4             |40             |
     |5             |50             |
     |6             |60             |
     |7             |70             |
     |8             |80             |
     |9             |90             |
11:01:21.601 Failed Step: The user enters a discount for a promotional code
11:01:21.602 Error Message: Object reference not set to an instance of an object.
11:01:21.603 Stacktrace: 
   at MarsAir.Search.Search.DiscountAmount(Table table) in c:\Projects\MarsAir\MarsAir\Tests\MarsAirTests.cs:line 77
11:01:21.612 # ﻿Flight Search
11:01:21.613 ## Find available flight
11:01:21.614 * Navigate to MarsAir homepage "http://gdiagram.marsair.tw/"
11:01:22.126 * Select "July" from the "departing" field
11:01:22.293 * Select "December (two years from now)" from the "returning" field
11:01:22.473 * Press "submit"
11:01:22.847 * Assert user is informed, "Call now on 0800 MARSAIR to book!"
11:01:23.014 ## Find unavailable flight
11:01:23.015 * Navigate to MarsAir homepage "http://gdiagram.marsair.tw/"
11:01:23.437 * Select "December" from the "departing" field
11:01:23.619 * Select "December (next year)" from the "returning" field
11:01:23.797 * Press "submit"
11:01:24.153 * Assert user is informed, "Sorry, there are no more seats available."
11:01:24.422 ## Attempt to find flight where return is less than 1 year from departure
11:01:24.423 * Navigate to MarsAir homepage "http://gdiagram.marsair.tw/"
11:01:25.007 * Select "December" from the "departing" field
11:01:25.214 * Select "July (next year)" from the "returning" field
11:01:25.410 * Press "submit"
11:01:25.771 * Assert user is informed, "Unfortunately, this schedule is not possible. Please try again."
11:01:27.231 Plugin [Html Report] with pid [952] has exited
11:01:27.332 Specifications:	2 executed	1 passed	1 failed	0 skipped
11:01:27.332 Scenarios:	4 executed	3 passed	1 failed	0 skipped
11:01:27.333 
Total time taken: 13.708s
Building Project: c:\Projects\MarsAir\MarsAir\MarsAir.sln
Success
11:05:36.575 # ﻿Discounts
11:05:36.584 ## Apply valid discount
11:05:36.588 * A user searches for an available flight
11:05:36.589 * Navigate to MarsAir homepage "http://gdiagram.marsair.tw/"
11:05:39.050 * Select "July" from the "departing" field
11:05:39.327 * Select "December (two years from now)" from the "returning" field
11:05:39.537 * The user enters a discount for a promotional code 
     |discountnumber|discountpercent|
     |--------------|---------------|
     |1             |10             |
     |2             |20             |
     |3             |30             |
     |4             |40             |
     |5             |50             |
     |6             |60             |
     |7             |70             |
     |8             |80             |
     |9             |90             |
11:05:50.537 * Press "submit"
11:05:51.246 * Assert user is informed, "Call now on 0800 MARSAIR to book!"
11:05:51.531 # ﻿Flight Search
11:05:51.532 ## Find available flight
11:05:51.532 * Navigate to MarsAir homepage "http://gdiagram.marsair.tw/"
11:05:51.965 * Select "July" from the "departing" field
11:05:52.182 * Select "December (two years from now)" from the "returning" field
11:05:52.385 * Press "submit"
11:05:52.801 * Assert user is informed, "Call now on 0800 MARSAIR to book!"
11:05:52.963 ## Find unavailable flight
11:05:52.963 * Navigate to MarsAir homepage "http://gdiagram.marsair.tw/"
11:05:53.492 * Select "December" from the "departing" field
11:05:53.685 * Select "December (next year)" from the "returning" field
11:05:53.874 * Press "submit"
11:05:54.368 * Assert user is informed, "Sorry, there are no more seats available."
11:05:54.536 ## Attempt to find flight where return is less than 1 year from departure
11:05:54.536 * Navigate to MarsAir homepage "http://gdiagram.marsair.tw/"
11:05:54.976 * Select "December" from the "departing" field
11:05:55.212 * Select "July (next year)" from the "returning" field
11:05:55.436 * Press "submit"
11:05:55.841 * Assert user is informed, "Unfortunately, this schedule is not possible. Please try again."
11:05:57.195 Plugin [Html Report] with pid [6524] has exited
11:05:57.295 Specifications:	2 executed	2 passed	0 failed	0 skipped
11:05:57.295 Scenarios:	4 executed	4 passed	0 failed	0 skipped
11:05:57.296 
Total time taken: 24.906s
Building Project: c:\Projects\MarsAir\MarsAir\MarsAir.sln
Success
11:29:35.751 # ﻿Discounts
11:29:35.759 ## Apply valid discount
11:29:35.763 * A user searches for an available flight
11:29:35.763 * Navigate to MarsAir homepage "http://gdiagram.marsair.tw/"
11:29:38.571 * Select "July" from the "departing" field
11:29:38.846 * Select "December (two years from now)" from the "returning" field
11:29:39.062 * The user enters a discount for a promotional code 
     |discountnumber|discountpercent|
     |--------------|---------------|
     |1             |10             |
     |2             |20             |
     |3             |30             |
     |4             |40             |
     |5             |50             |
     |6             |60             |
     |7             |70             |
     |8             |80             |
     |9             |90             |
11:29:50.119 * Press "submit"
11:29:50.703 * Assert user is informed, "Call now on 0800 MARSAIR to book!"
11:29:50.992 # ﻿Flight Search
11:29:50.993 ## Find available flight
11:29:50.994 * Navigate to MarsAir homepage "http://gdiagram.marsair.tw/"
11:29:51.501 * Select "July" from the "departing" field
11:29:51.693 * Select "December (two years from now)" from the "returning" field
11:29:51.885 * Press "submit"
11:29:52.243 * Assert user is informed, "Call now on 0800 MARSAIR to book!"
11:29:52.512 ## Find unavailable flight
11:29:52.513 * Navigate to MarsAir homepage "http://gdiagram.marsair.tw/"
11:29:52.912 * Select "December" from the "departing" field
11:29:53.107 * Select "December (next year)" from the "returning" field
11:29:53.396 * Press "submit"
11:29:53.829 * Assert user is informed, "Sorry, there are no more seats available."
11:29:54.105 ## Attempt to find flight where return is less than 1 year from departure
11:29:54.106 * Navigate to MarsAir homepage "http://gdiagram.marsair.tw/"
11:29:54.627 * Select "December" from the "departing" field
11:29:54.860 * Select "July (next year)" from the "returning" field
11:29:55.092 * Press "submit"
11:29:55.473 * Assert user is informed, "Unfortunately, this schedule is not possible. Please try again."
11:29:57.317 Plugin [Html Report] with pid [4320] has exited
11:29:57.418 Specifications:	2 executed	2 passed	0 failed	0 skipped
11:29:57.418 Scenarios:	4 executed	4 passed	0 failed	0 skipped
11:29:57.419 
Total time taken: 25.84s
Building Project: c:\Projects\MarsAir\MarsAir\MarsAir.sln
Success
11:51:04.554 # ﻿Discounts
11:51:04.561 ## Apply valid discount
11:51:04.565 * A user searches for an available flight
11:51:04.565 * Navigate to MarsAir homepage "http://gdiagram.marsair.tw/"
11:51:06.803 * Select "July" from the "departing" field
11:51:07.157 * Select "December (two years from now)" from the "returning" field
11:51:07.386 * The user enters a discount for a promotional code 
     |discountnumber|discountpercent|
     |--------------|---------------|
     |1             |10             |
     |2             |20             |
     |3             |30             |
     |4             |40             |
     |5             |50             |
     |6             |60             |
     |7             |70             |
     |8             |80             |
     |9             |90             |
11:51:18.114 * Press "submit"
11:51:18.831 * Assert user is informed, "Call now on 0800 MARSAIR to book!"
11:51:19.109 # ﻿Flight Search
11:51:19.110 ## Find available flight
11:51:19.111 * Navigate to MarsAir homepage "http://gdiagram.marsair.tw/"
11:51:19.518 * Select "July" from the "departing" field
11:51:19.761 * Select "December (two years from now)" from the "returning" field
11:51:19.998 * Press "submit"
11:51:20.375 * Assert user is informed, "Call now on 0800 MARSAIR to book!"
11:51:20.543 ## Find unavailable flight
11:51:20.543 * Navigate to MarsAir homepage "http://gdiagram.marsair.tw/"
11:51:20.966 * Select "December" from the "departing" field
11:51:21.207 * Select "December (next year)" from the "returning" field
11:51:21.445 * Press "submit"
11:51:21.810 * Assert user is informed, "Sorry, there are no more seats available."
11:51:21.983 ## Attempt to find flight where return is less than 1 year from departure
11:51:21.984 * Navigate to MarsAir homepage "http://gdiagram.marsair.tw/"
11:51:22.521 * Select "December" from the "departing" field
11:51:22.864 * Select "July (next year)" from the "returning" field
11:51:23.128 * Press "submit"
11:51:23.507 * Assert user is informed, "Unfortunately, this schedule is not possible. Please try again."
11:51:24.972 Plugin [Html Report] with pid [8620] has exited
11:51:25.072 Specifications:	2 executed	2 passed	0 failed	0 skipped
11:51:25.072 Scenarios:	4 executed	4 passed	0 failed	0 skipped
11:51:25.073 
Total time taken: 24.733s
Building Project: c:\Projects\MarsAir\MarsAir\MarsAir.sln
Success
11:55:49.887 Validation failed. The following steps have errors
11:55:49.887 c:\Projects\MarsAir\MarsAir\specs\Discounts.spec:23: Step implementation not found. Press "submit"
11:55:54.522 # ﻿Discounts
11:55:54.534 # ﻿Flight Search
11:55:54.535 ## Find available flight
11:55:54.538 * Navigate to MarsAir homepage "http://gdiagram.marsair.tw/"
11:55:56.555 * Select "July" from the "departing" field
11:55:56.893 * Select "December (two years from now)" from the "returning" field
11:55:57.150 * Press submit
11:55:57.513 * Assert user is informed, "Call now on 0800 MARSAIR to book!"
11:55:57.791 ## Find unavailable flight
11:55:57.791 * Navigate to MarsAir homepage "http://gdiagram.marsair.tw/"
11:55:58.304 * Select "December" from the "departing" field
11:55:58.519 * Select "December (next year)" from the "returning" field
11:55:58.752 * Press submit
11:55:59.112 * Assert user is informed, "Sorry, there are no more seats available."
11:55:59.380 ## Attempt to find flight where return is less than 1 year from departure
11:55:59.381 * Navigate to MarsAir homepage "http://gdiagram.marsair.tw/"
11:55:59.896 * Select "December" from the "departing" field
11:56:00.139 * Select "July (next year)" from the "returning" field
11:56:00.366 * Press submit
11:56:00.726 * Assert user is informed, "Unfortunately, this schedule is not possible. Please try again."
11:56:02.566 Plugin [Html Report] with pid [8656] has exited
11:56:02.666 Specifications:	2 executed	2 passed	0 failed	0 skipped
11:56:02.666 Scenarios:	3 executed	3 passed	0 failed	1 skipped
11:56:02.667 
Total time taken: 12.555s
Building Project: c:\Projects\MarsAir\MarsAir\MarsAir.sln
Success
11:57:10.942 # ﻿Discounts
11:57:10.950 ## Apply valid discount
11:57:10.955 * A user searches for an available flight
11:57:10.955 * Navigate to MarsAir homepage "http://gdiagram.marsair.tw/"
11:57:12.862 * Select "July" from the "departing" field
11:57:13.207 * Select "December (two years from now)" from the "returning" field
11:57:13.509 * The user enters a discount for a promotional code 
     |discountnumber|discountpercent|
     |--------------|---------------|
     |1             |10             |
     |2             |20             |
     |3             |30             |
     |4             |40             |
     |5             |50             |
     |6             |60             |
     |7             |70             |
     |8             |80             |
     |9             |90             |
11:57:24.677 * Assert user is informed, "Call now on 0800 MARSAIR to book!"
11:57:25.505 Failed Step: Assert user is informed, "Call now on 0800 MARSAIR to book!"
11:57:25.506 Error Message: Expected string "Welcome to MarsAir!\r\nBook a ticket to the red planet now!\r\nDeparting\r\nSelect...\r\nJuly\r\nDecember\r\nJuly (next year)\r\nDecember (next year)\r\nJuly (two years from now)\r\nDecember (two years from now)\r\nReturning\r\nSelect...\r\nJuly\r\nDecember\r\nJuly (next year)\r\nDecember (next year)\r\nJuly (two years from now)\r\nDecember (two years from now)\r\nPromotional Code" to contain "Call now on 0800 MARSAIR to book!".
11:57:25.506 Stacktrace: 
   at FluentAssertions.Execution.FallbackTestFramework.Throw(String message) in z:\Builds\work\eed5b735bfe0fb8d\Shared\Execution\FallbackTestFramework.cs:line 21
   at FluentAssertions.Execution.TestFrameworkProvider.Throw(String message) in z:\Builds\work\eed5b735bfe0fb8d\FluentAssertions.Net40\Execution\TestFrameworkProvider.cs:line 42
   at FluentAssertions.Execution.DefaultAssertionStrategy.HandleFailure(String message) in z:\Builds\work\eed5b735bfe0fb8d\FluentAssertions.Core\Execution\DefaultAssertionStrategy.cs:line 25
   at FluentAssertions.Execution.AssertionScope.FailWith(String message, Object[] args) in z:\Builds\work\eed5b735bfe0fb8d\FluentAssertions.Core\Execution\AssertionScope.cs:line 197
   at FluentAssertions.Primitives.StringAssertions.Contain(String expected, String because, Object[] reasonArgs) in z:\Builds\work\eed5b735bfe0fb8d\FluentAssertions.Core\Primitives\StringAssertions.cs:line 620
   at MarsAir.Pages.MarsAirHomePage.AssertAvailabilityText(String textToAssert) in c:\Projects\MarsAir\MarsAir\Pages\MarsAirHomePage.cs:line 46
   at MarsAir.Tests.Search.AssertAvailability(String availability) in c:\Projects\MarsAir\MarsAir\Tests\MarsAirTests.cs:line 70
11:57:25.518 # ﻿Flight Search
11:57:25.518 ## Find available flight
11:57:25.519 * Navigate to MarsAir homepage "http://gdiagram.marsair.tw/"
11:57:25.938 * Select "July" from the "departing" field
11:57:26.168 * Select "December (two years from now)" from the "returning" field
11:57:26.399 * Press submit
11:57:26.784 * Assert user is informed, "Call now on 0800 MARSAIR to book!"
11:57:26.953 ## Find unavailable flight
11:57:26.954 * Navigate to MarsAir homepage "http://gdiagram.marsair.tw/"
11:57:27.542 * Select "December" from the "departing" field
11:57:27.784 * Select "December (next year)" from the "returning" field
11:57:28.029 * Press submit
11:57:28.432 * Assert user is informed, "Sorry, there are no more seats available."
11:57:28.641 ## Attempt to find flight where return is less than 1 year from departure
11:57:28.642 * Navigate to MarsAir homepage "http://gdiagram.marsair.tw/"
11:57:29.263 * Select "December" from the "departing" field
11:57:29.566 * Select "July (next year)" from the "returning" field
11:57:29.839 * Press submit
11:57:30.205 * Assert user is informed, "Unfortunately, this schedule is not possible. Please try again."
11:57:31.670 Plugin [Html Report] with pid [8500] has exited
11:57:31.770 Specifications:	2 executed	1 passed	1 failed	0 skipped
11:57:31.770 Scenarios:	4 executed	3 passed	1 failed	0 skipped
11:57:31.771 
Total time taken: 24.96s
Building Project: c:\Projects\MarsAir\MarsAir\MarsAir.sln
Success
11:58:02.071 # ﻿Discounts
11:58:02.078 ## Apply valid discount
11:58:02.082 * A user searches for an available flight
11:58:02.082 * Navigate to MarsAir homepage "http://gdiagram.marsair.tw/"
11:58:04.108 * Select "July" from the "departing" field
11:58:04.434 * Select "December (two years from now)" from the "returning" field
11:58:04.689 * The user enters a discount for a promotional code 
     |discountnumber|discountpercent|
     |--------------|---------------|
     |1             |10             |
     |2             |20             |
     |3             |30             |
     |4             |40             |
     |5             |50             |
     |6             |60             |
     |7             |70             |
     |8             |80             |
     |9             |90             |
11:58:15.181 * Assert user is informed, "Call now on 0800 MARSAIR to book!"
11:58:16.033 Failed Step: Assert user is informed, "Call now on 0800 MARSAIR to book!"
11:58:16.034 Error Message: Expected string "Welcome to MarsAir!\r\nBook a ticket to the red planet now!\r\nDeparting\r\nSelect...\r\nJuly\r\nDecember\r\nJuly (next year)\r\nDecember (next year)\r\nJuly (two years from now)\r\nDecember (two years from now)\r\nReturning\r\nSelect...\r\nJuly\r\nDecember\r\nJuly (next year)\r\nDecember (next year)\r\nJuly (two years from now)\r\nDecember (two years from now)\r\nPromotional Code" to contain "Call now on 0800 MARSAIR to book!".
11:58:16.035 Stacktrace: 
   at FluentAssertions.Execution.FallbackTestFramework.Throw(String message) in z:\Builds\work\eed5b735bfe0fb8d\Shared\Execution\FallbackTestFramework.cs:line 21
   at FluentAssertions.Execution.TestFrameworkProvider.Throw(String message) in z:\Builds\work\eed5b735bfe0fb8d\FluentAssertions.Net40\Execution\TestFrameworkProvider.cs:line 42
   at FluentAssertions.Execution.DefaultAssertionStrategy.HandleFailure(String message) in z:\Builds\work\eed5b735bfe0fb8d\FluentAssertions.Core\Execution\DefaultAssertionStrategy.cs:line 25
   at FluentAssertions.Execution.AssertionScope.FailWith(String message, Object[] args) in z:\Builds\work\eed5b735bfe0fb8d\FluentAssertions.Core\Execution\AssertionScope.cs:line 197
   at FluentAssertions.Primitives.StringAssertions.Contain(String expected, String because, Object[] reasonArgs) in z:\Builds\work\eed5b735bfe0fb8d\FluentAssertions.Core\Primitives\StringAssertions.cs:line 620
   at MarsAir.Pages.MarsAirHomePage.AssertAvailabilityText(String textToAssert) in c:\Projects\MarsAir\MarsAir\Pages\MarsAirHomePage.cs:line 46
   at MarsAir.Tests.Search.AssertAvailability(String availability) in c:\Projects\MarsAir\MarsAir\Tests\MarsAirTests.cs:line 70
11:58:16.047 # ﻿Flight Search
11:58:16.048 ## Find available flight
11:58:16.048 * Navigate to MarsAir homepage "http://gdiagram.marsair.tw/"
11:58:16.572 * Select "July" from the "departing" field
11:58:16.811 * Select "December (two years from now)" from the "returning" field
11:58:17.046 * Press submit
11:58:17.432 * Assert user is informed, "Call now on 0800 MARSAIR to book!"
11:58:17.705 ## Find unavailable flight
11:58:17.705 * Navigate to MarsAir homepage "http://gdiagram.marsair.tw/"
11:58:18.119 * Select "December" from the "departing" field
11:58:18.351 * Select "December (next year)" from the "returning" field
11:58:18.590 * Press submit
11:58:18.960 * Assert user is informed, "Sorry, there are no more seats available."
11:58:19.198 ## Attempt to find flight where return is less than 1 year from departure
11:58:19.199 * Navigate to MarsAir homepage "http://gdiagram.marsair.tw/"
11:58:19.748 * Select "December" from the "departing" field
11:58:20.038 * Select "July (next year)" from the "returning" field
11:58:20.300 * Press submit
11:58:20.676 * Assert user is informed, "Unfortunately, this schedule is not possible. Please try again."
11:58:22.147 Plugin [Html Report] with pid [8344] has exited
11:58:22.249 Specifications:	2 executed	1 passed	1 failed	0 skipped
11:58:22.249 Scenarios:	4 executed	3 passed	1 failed	0 skipped
11:58:22.250 
Total time taken: 24.574s
Building Project: c:\Projects\MarsAir\MarsAir\MarsAir.sln
Success
11:58:46.170 # ﻿Discounts
11:58:46.178 ## Apply valid discount
11:58:46.182 * A user searches for an available flight
11:58:46.182 * Navigate to MarsAir homepage "http://gdiagram.marsair.tw/"
11:58:48.219 * Select "July" from the "departing" field
11:58:48.573 * Select "December (two years from now)" from the "returning" field
11:58:48.823 * The user enters a discount for a promotional code 
     |discountnumber|discountpercent|
     |--------------|---------------|
     |1             |10             |
     |2             |20             |
     |3             |30             |
     |4             |40             |
     |5             |50             |
     |6             |60             |
     |7             |70             |
     |8             |80             |
     |9             |90             |
11:58:59.406 * Press submit
11:58:59.897 * Assert user is informed, "Call now on 0800 MARSAIR to book!"
11:59:00.084 # ﻿Flight Search
11:59:00.085 ## Find available flight
11:59:00.085 * Navigate to MarsAir homepage "http://gdiagram.marsair.tw/"
11:59:00.589 * Select "July" from the "departing" field
11:59:00.841 * Select "December (two years from now)" from the "returning" field
11:59:01.080 * Press submit
11:59:01.436 * Assert user is informed, "Call now on 0800 MARSAIR to book!"
11:59:01.599 ## Find unavailable flight
11:59:01.600 * Navigate to MarsAir homepage "http://gdiagram.marsair.tw/"
11:59:02.001 * Select "December" from the "departing" field
11:59:02.250 * Select "December (next year)" from the "returning" field
11:59:02.498 * Press submit
11:59:02.849 * Assert user is informed, "Sorry, there are no more seats available."
11:59:03.120 ## Attempt to find flight where return is less than 1 year from departure
11:59:03.121 * Navigate to MarsAir homepage "http://gdiagram.marsair.tw/"
11:59:03.520 * Select "December" from the "departing" field
11:59:03.795 * Select "July (next year)" from the "returning" field
11:59:04.182 * Press submit
11:59:04.653 * Assert user is informed, "Unfortunately, this schedule is not possible. Please try again."
11:59:06.013 Plugin [Html Report] with pid [8536] has exited
11:59:06.114 Specifications:	2 executed	2 passed	0 failed	0 skipped
11:59:06.114 Scenarios:	4 executed	4 passed	0 failed	0 skipped
11:59:06.116 
Total time taken: 24.095s
Building Project: c:\Projects\MarsAir\MarsAir\MarsAir.sln
Success
Building Project: c:\Projects\MarsAir\MarsAir\MarsAir.sln
Success
12:28:05.643 # ﻿Discounts
12:28:05.651 ## Apply valid discount
12:28:05.655 * A user searches for an available flight
12:28:05.655 * Navigate to MarsAir homepage "http://gdiagram.marsair.tw/"
12:28:07.752 * Select "July" from the "departing" field
12:28:08.087 * Select "December (two years from now)" from the "returning" field
12:28:08.355 * The user enters a discount for a promotional code 
     |discountnumber|discountpercent|
     |--------------|---------------|
     |1             |10             |
     |2             |20             |
     |3             |30             |
     |4             |40             |
     |5             |50             |
     |6             |60             |
     |7             |70             |
     |8             |80             |
     |9             |90             |
12:28:18.825 * Press submit
12:28:19.519 * Assert user is informed, "Call now on 0800 MARSAIR to book!"
12:28:19.686 # ﻿Flight Search
12:28:19.687 ## Find available flight
12:28:19.687 * Navigate to MarsAir homepage "http://gdiagram.marsair.tw/"
12:28:20.100 * Select "July" from the "departing" field
12:28:20.341 * Select "December (two years from now)" from the "returning" field
12:28:20.579 * Press submit
12:28:20.952 * Assert user is informed, "Call now on 0800 MARSAIR to book!"
12:28:21.113 ## Find unavailable flight
12:28:21.114 * Navigate to MarsAir homepage "http://gdiagram.marsair.tw/"
12:28:21.513 * Select "December" from the "departing" field
12:28:21.746 * Select "December (next year)" from the "returning" field
12:28:21.990 * Press submit
12:28:22.341 * Assert user is informed, "Sorry, there are no more seats available."
12:28:22.615 ## Attempt to find flight where return is less than 1 year from departure
12:28:22.615 * Navigate to MarsAir homepage "http://gdiagram.marsair.tw/"
12:28:23.227 * Select "December" from the "departing" field
12:28:23.613 * Select "July (next year)" from the "returning" field
12:28:23.876 * Press submit
12:28:24.262 * Assert user is informed, "Unfortunately, this schedule is not possible. Please try again."
12:28:24.430 # ﻿Navigation to homepage
12:28:24.431 ## MarsAir logo returns user to home
12:28:24.431 * A user searches for an available flight
12:28:24.431 * Navigate to MarsAir homepage "http://gdiagram.marsair.tw/"
12:28:24.846 * Select "July" from the "departing" field
12:28:25.091 * Select "December (two years from now)" from the "returning" field
12:28:25.368 * The user clicks the MarsAir logo
12:28:25.785 * "Book a ticket to the red planet now!" is displayed on the page
12:28:27.194 Plugin [Html Report] with pid [8984] has exited
12:28:27.296 Specifications:	3 executed	3 passed	0 failed	0 skipped
12:28:27.296 Scenarios:	5 executed	5 passed	0 failed	0 skipped
12:28:27.297 
Total time taken: 26.107s
